# JRE version: Java(TM) SE Runtime Environment (17.0.1+12) (build 17.0.1+12-LTS-39)
# Java VM: Java HotSpot(TM) 64-Bit Server VM (17.0.1+12-LTS-39, mixed mode, sharing, tiered, compressed oops, compressed class ptrs, g1 gc, windows-amd64)
GC Precious Log:
 CPUs: 8 total, 8 available
 Memory: 7967M
 Large Page Support: Disabled
 NUMA Support: Disabled
 Compressed Oops: Enabled (32-bit)
 Heap Region Size: 1M
 Heap Min Capacity: 8M
 Heap Initial Capacity: 126M
 Heap Max Capacity: 1992M
 Pre-touch: Disabled
 Parallel Workers: 8
 Concurrent Workers: 2
 Concurrent Refinement Workers: 8
 Periodic GC: Disabled
Heap:
 garbage-first heap   total 71680K, used 60655K [0x0000000083800000, 0x0000000100000000)
  region size 1024K, 31 young (31744K), 1 survivors (1024K)
 Metaspace       used 71718K, committed 72320K, reserved 1114112K
  class space    used 9398K, committed 9664K, reserved 1048576K
GC Heap History (20 events):
Event: 196.867 GC heap before
{Heap before GC invocations=63 (full 0):
 garbage-first heap   total 71680K, used 60596K [0x0000000083800000, 0x0000000100000000)
  region size 1024K, 31 young (31744K), 1 survivors (1024K)
 Metaspace       used 71621K, committed 72192K, reserved 1114112K
  class space    used 9391K, committed 9664K, reserved 1048576K
}
Event: 196.868 GC heap after
{Heap after GC invocations=64 (full 0):
 garbage-first heap   total 71680K, used 30914K [0x0000000083800000, 0x0000000100000000)
  region size 1024K, 1 young (1024K), 1 survivors (1024K)
 Metaspace       used 71621K, committed 72192K, reserved 1114112K
  class space    used 9391K, committed 9664K, reserved 1048576K
}
Event: 200.858 GC heap before
{Heap before GC invocations=64 (full 0):
 garbage-first heap   total 71680K, used 61634K [0x0000000083800000, 0x0000000100000000)
  region size 1024K, 31 young (31744K), 1 survivors (1024K)
 Metaspace       used 71625K, committed 72192K, reserved 1114112K
  class space    used 9391K, committed 9664K, reserved 1048576K
}
Event: 200.860 GC heap after
{Heap after GC invocations=65 (full 0):
 garbage-first heap   total 71680K, used 30937K [0x0000000083800000, 0x0000000100000000)
  region size 1024K, 1 young (1024K), 1 survivors (1024K)
 Metaspace       used 71625K, committed 72192K, reserved 1114112K
  class space    used 9391K, committed 9664K, reserved 1048576K
}
Event: 202.068 GC heap before
{Heap before GC invocations=65 (full 0):
 garbage-first heap   total 71680K, used 61657K [0x0000000083800000, 0x0000000100000000)
  region size 1024K, 31 young (31744K), 1 survivors (1024K)
 Metaspace       used 71633K, committed 72192K, reserved 1114112K
  class space    used 9391K, committed 9664K, reserved 1048576K
}
Event: 202.069 GC heap after
{Heap after GC invocations=66 (full 0):
 garbage-first heap   total 71680K, used 30948K [0x0000000083800000, 0x0000000100000000)
  region size 1024K, 1 young (1024K), 1 survivors (1024K)
 Metaspace       used 71633K, committed 72192K, reserved 1114112K
  class space    used 9391K, committed 9664K, reserved 1048576K
}
Event: 203.511 GC heap before
{Heap before GC invocations=66 (full 0):
 garbage-first heap   total 71680K, used 60644K [0x0000000083800000, 0x0000000100000000)
  region size 1024K, 31 young (31744K), 1 survivors (1024K)
 Metaspace       used 71638K, committed 72192K, reserved 1114112K
  class space    used 9391K, committed 9664K, reserved 1048576K
}
Event: 203.514 GC heap after
{Heap after GC invocations=67 (full 0):
 garbage-first heap   total 71680K, used 30958K [0x0000000083800000, 0x0000000100000000)
  region size 1024K, 1 young (1024K), 1 survivors (1024K)
 Metaspace       used 71638K, committed 72192K, reserved 1114112K
  class space    used 9391K, committed 9664K, reserved 1048576K
}
Event: 204.940 GC heap before
{Heap before GC invocations=67 (full 0):
 garbage-first heap   total 71680K, used 60654K [0x0000000083800000, 0x0000000100000000)
  region size 1024K, 31 young (31744K), 1 survivors (1024K)
 Metaspace       used 71650K, committed 72256K, reserved 1114112K
  class space    used 9391K, committed 9664K, reserved 1048576K
}
Event: 204.942 GC heap after
{Heap after GC invocations=68 (full 0):
 garbage-first heap   total 71680K, used 30966K [0x0000000083800000, 0x0000000100000000)
  region size 1024K, 1 young (1024K), 1 survivors (1024K)
 Metaspace       used 71650K, committed 72256K, reserved 1114112K
  class space    used 9391K, committed 9664K, reserved 1048576K
}
Event: 206.032 GC heap before
{Heap before GC invocations=68 (full 0):
 garbage-first heap   total 71680K, used 61686K [0x0000000083800000, 0x0000000100000000)
  region size 1024K, 31 young (31744K), 1 survivors (1024K)
 Metaspace       used 71651K, committed 72256K, reserved 1114112K
  class space    used 9391K, committed 9664K, reserved 1048576K
}
Event: 206.034 GC heap after
{Heap after GC invocations=69 (full 0):
 garbage-first heap   total 71680K, used 30960K [0x0000000083800000, 0x0000000100000000)
  region size 1024K, 1 young (1024K), 1 survivors (1024K)
 Metaspace       used 71651K, committed 72256K, reserved 1114112K
  class space    used 9391K, committed 9664K, reserved 1048576K
}
Event: 207.332 GC heap before
{Heap before GC invocations=69 (full 0):
 garbage-first heap   total 71680K, used 60656K [0x0000000083800000, 0x0000000100000000)
  region size 1024K, 31 young (31744K), 1 survivors (1024K)
 Metaspace       used 71653K, committed 72256K, reserved 1114112K
  class space    used 9391K, committed 9664K, reserved 1048576K
}
Event: 207.333 GC heap after
{Heap after GC invocations=70 (full 0):
 garbage-first heap   total 71680K, used 30959K [0x0000000083800000, 0x0000000100000000)
  region size 1024K, 1 young (1024K), 1 survivors (1024K)
 Metaspace       used 71653K, committed 72256K, reserved 1114112K
  class space    used 9391K, committed 9664K, reserved 1048576K
}
Event: 233.696 GC heap before
{Heap before GC invocations=70 (full 0):
 garbage-first heap   total 71680K, used 60655K [0x0000000083800000, 0x0000000100000000)
  region size 1024K, 31 young (31744K), 1 survivors (1024K)
 Metaspace       used 71653K, committed 72256K, reserved 1114112K
  class space    used 9391K, committed 9664K, reserved 1048576K
}
Event: 233.697 GC heap after
{Heap after GC invocations=71 (full 0):
 garbage-first heap   total 71680K, used 30963K [0x0000000083800000, 0x0000000100000000)
  region size 1024K, 1 young (1024K), 1 survivors (1024K)
 Metaspace       used 71653K, committed 72256K, reserved 1114112K
  class space    used 9391K, committed 9664K, reserved 1048576K
}
Event: 248.404 GC heap before
{Heap before GC invocations=71 (full 0):
 garbage-first heap   total 71680K, used 61683K [0x0000000083800000, 0x0000000100000000)
  region size 1024K, 31 young (31744K), 1 survivors (1024K)
 Metaspace       used 71653K, committed 72256K, reserved 1114112K
  class space    used 9391K, committed 9664K, reserved 1048576K
}
Event: 248.405 GC heap after
{Heap after GC invocations=72 (full 0):
 garbage-first heap   total 71680K, used 30946K [0x0000000083800000, 0x0000000100000000)
  region size 1024K, 1 young (1024K), 1 survivors (1024K)
 Metaspace       used 71653K, committed 72256K, reserved 1114112K
  class space    used 9391K, committed 9664K, reserved 1048576K
}
Event: 249.125 GC heap before
{Heap before GC invocations=72 (full 0):
 garbage-first heap   total 71680K, used 61666K [0x0000000083800000, 0x0000000100000000)
  region size 1024K, 31 young (31744K), 1 survivors (1024K)
 Metaspace       used 71655K, committed 72256K, reserved 1114112K
  class space    used 9391K, committed 9664K, reserved 1048576K
}
Event: 249.127 GC heap after
{Heap after GC invocations=73 (full 0):
 garbage-first heap   total 71680K, used 30959K [0x0000000083800000, 0x0000000100000000)
  region size 1024K, 1 young (1024K), 1 survivors (1024K)
 Metaspace       used 71655K, committed 72256K, reserved 1114112K
  class space    used 9391K, committed 9664K, reserved 1048576K
}

